---
driver=<class 'textual.drivers.linux_driver.LinuxDriver'>
Mount() >>> WordleApp(title='WORDLE')
Loading stats /home/braheezy/.local/share/wordle/.stats.json
Mount() >>> DockView(name='DockView#1')
Mount() >>> DockView(name='DockView#2')
Mount() >>> Header('')
DockView(name='DockView#3') IS NOT RUNNING
Mount() >>> GuessView(name='GuessView#1')
Mount() >>> GuessView(name='GuessView#1')
DockView(name='DockView#3') IS NOT RUNNING
DockView(name='DockView#3') IS NOT RUNNING
Mount() >>> KeyboardRow(name='KeyboardRow#1')
Mount() >>> KeyboardRow(name='KeyboardRow#1')
DockView(name='DockView#3') IS NOT RUNNING
DockView(name='DockView#3') IS NOT RUNNING
Mount() >>> KeyboardRow(name='KeyboardRow#2')
Mount() >>> KeyboardRow(name='KeyboardRow#2')
DockView(name='DockView#3') IS NOT RUNNING
DockView(name='DockView#3') IS NOT RUNNING
Mount() >>> KeyboardRow(name='KeyboardRow#3')
Mount() >>> KeyboardRow(name='KeyboardRow#3')
DockView(name='DockView#3') IS NOT RUNNING
Mount() >>> DockView(name='DockView#4')
Mount() >>> DockView(name='DockView#3')
set_focus Letter(name='A')
MouseDown(x=3, y=1, screen_x=23, screen_y=34, button=1) >>> Letter(name='A')
MouseUp(x=3, y=1, screen_x=23, screen_y=34, button=1) >>> Letter(name='A')
Click(x=3, y=1, screen_x=23, screen_y=34, button=1) >>> Letter(name='A')
ButtonPressed(Letter(name='A')) >>> WordleApp(title='WORDLE')
set_focus Letter(name='D')
MouseDown(x=5, y=2, screen_x=41, screen_y=35, button=1) >>> Letter(name='D')
MouseUp(x=5, y=2, screen_x=41, screen_y=35, button=1) >>> Letter(name='D')
Click(x=5, y=2, screen_x=41, screen_y=35, button=1) >>> Letter(name='D')
ButtonPressed(Letter(name='D')) >>> WordleApp(title='WORDLE')
set_focus Letter(name='I')
MouseDown(x=4, y=2, screen_x=76, screen_y=31, button=1) >>> Letter(name='I')
MouseUp(x=4, y=2, screen_x=76, screen_y=31, button=1) >>> Letter(name='I')
Click(x=4, y=2, screen_x=76, screen_y=31, button=1) >>> Letter(name='I')
ButtonPressed(Letter(name='I')) >>> WordleApp(title='WORDLE')
set_focus Letter(name='E')
MouseDown(x=2, y=1, screen_x=34, screen_y=30, button=1) >>> Letter(name='E')
MouseUp(x=2, y=1, screen_x=34, screen_y=30, button=1) >>> Letter(name='E')
Click(x=2, y=1, screen_x=34, screen_y=30, button=1) >>> Letter(name='E')
ButtonPressed(Letter(name='E')) >>> WordleApp(title='WORDLE')
set_focus Letter(name='U')
MouseDown(x=2, y=1, screen_x=66, screen_y=30, button=1) >>> Letter(name='U')
MouseUp(x=2, y=1, screen_x=66, screen_y=30, button=1) >>> Letter(name='U')
Click(x=2, y=1, screen_x=66, screen_y=30, button=1) >>> Letter(name='U')
ButtonPressed(Letter(name='U')) >>> WordleApp(title='WORDLE')
set_focus Letter(name='')
MouseDown(x=5, y=1, screen_x=73, screen_y=9, button=1) >>> Letter(name='')
MouseUp(x=5, y=1, screen_x=73, screen_y=9, button=1) >>> Letter(name='')
Click(x=5, y=1, screen_x=73, screen_y=9, button=1) >>> Letter(name='')
set_focus Button(name='enter')
MouseDown(x=5, y=1, screen_x=25, screen_y=38, button=1) >>> Button(name='enter')
MouseUp(x=5, y=1, screen_x=25, screen_y=38, button=1) >>> Button(name='enter')
Click(x=5, y=1, screen_x=25, screen_y=38, button=1) >>> Button(name='enter')
ButtonPressed(Button(name='enter')) >>> WordleApp(title='WORDLE')
Checking solution
set_focus Letter(name='S')
MouseDown(x=3, y=1, screen_x=31, screen_y=34, button=1) >>> Letter(name='S')
MouseUp(x=3, y=1, screen_x=31, screen_y=34, button=1) >>> Letter(name='S')
Click(x=3, y=1, screen_x=31, screen_y=34, button=1) >>> Letter(name='S')
ButtonPressed(Letter(name='S')) >>> WordleApp(title='WORDLE')
set_focus Letter(name='H')
MouseDown(x=2, y=0, screen_x=62, screen_y=33, button=1) >>> Letter(name='H')
MouseUp(x=2, y=0, screen_x=62, screen_y=33, button=1) >>> Letter(name='H')
Click(x=2, y=0, screen_x=62, screen_y=33, button=1) >>> Letter(name='H')
ButtonPressed(Letter(name='H')) >>> WordleApp(title='WORDLE')
set_focus Letter(name='O')
MouseDown(x=4, y=2, screen_x=84, screen_y=31, button=1) >>> Letter(name='O')
MouseUp(x=4, y=2, screen_x=84, screen_y=31, button=1) >>> Letter(name='O')
Click(x=4, y=2, screen_x=84, screen_y=31, button=1) >>> Letter(name='O')
ButtonPressed(Letter(name='O')) >>> WordleApp(title='WORDLE')
set_focus Letter(name='R')
MouseDown(x=2, y=1, screen_x=42, screen_y=30, button=1) >>> Letter(name='R')
MouseUp(x=2, y=1, screen_x=42, screen_y=30, button=1) >>> Letter(name='R')
Click(x=2, y=1, screen_x=42, screen_y=30, button=1) >>> Letter(name='R')
ButtonPressed(Letter(name='R')) >>> WordleApp(title='WORDLE')
set_focus Letter(name='T')
MouseDown(x=4, y=1, screen_x=52, screen_y=30, button=1) >>> Letter(name='T')
MouseUp(x=4, y=1, screen_x=52, screen_y=30, button=1) >>> Letter(name='T')
Click(x=4, y=1, screen_x=52, screen_y=30, button=1) >>> Letter(name='T')
ButtonPressed(Letter(name='T')) >>> WordleApp(title='WORDLE')
set_focus Button(name='enter')
MouseDown(x=3, y=1, screen_x=23, screen_y=38, button=1) >>> Button(name='enter')
MouseUp(x=3, y=1, screen_x=23, screen_y=38, button=1) >>> Button(name='enter')
Click(x=3, y=1, screen_x=23, screen_y=38, button=1) >>> Button(name='enter')
ButtonPressed(Button(name='enter')) >>> WordleApp(title='WORDLE')
Checking solution
set_focus Letter(name='F')
MouseDown(x=4, y=1, screen_x=48, screen_y=34, button=1) >>> Letter(name='F')
MouseUp(x=4, y=1, screen_x=48, screen_y=34, button=1) >>> Letter(name='F')
Click(x=4, y=1, screen_x=48, screen_y=34, button=1) >>> Letter(name='F')
ButtonPressed(Letter(name='F')) >>> WordleApp(title='WORDLE')
set_focus Letter(name='L')
MouseDown(x=3, y=1, screen_x=87, screen_y=34, button=1) >>> Letter(name='L')
MouseUp(x=3, y=1, screen_x=87, screen_y=34, button=1) >>> Letter(name='L')
Click(x=3, y=1, screen_x=87, screen_y=34, button=1) >>> Letter(name='L')
ButtonPressed(Letter(name='L')) >>> WordleApp(title='WORDLE')
set_focus Button(name='backspace')
MouseDown(x=4, y=1, screen_x=88, screen_y=38, button=1) >>> Button(name='backspace')
MouseUp(x=4, y=1, screen_x=88, screen_y=38, button=1) >>> Button(name='backspace')
Click(x=4, y=1, screen_x=88, screen_y=38, button=1) >>> Button(name='backspace')
ButtonPressed(Button(name='backspace')) >>> WordleApp(title='WORDLE')
set_focus Button(name='backspace')
MouseDown(x=4, y=1, screen_x=88, screen_y=38, button=1) >>> Button(name='backspace')
MouseUp(x=4, y=1, screen_x=88, screen_y=38, button=1) >>> Button(name='backspace')
Click(x=4, y=1, screen_x=88, screen_y=38, button=1) >>> Button(name='backspace')
ButtonPressed(Button(name='backspace')) >>> WordleApp(title='WORDLE')
set_focus GameStats(name='GameStats#1')
MouseDown(x=22, y=2, screen_x=192, screen_y=29, button=1) >>> GameStats(name='GameStats#1')
MouseUp(x=17, y=2, screen_x=187, screen_y=29, button=1) >>> GameStats(name='GameStats#1')
Click(x=17, y=2, screen_x=187, screen_y=29, button=1) >>> GameStats(name='GameStats#1')
Key(key='q') >>> WordleApp(title='WORDLE')
Key(key='q') >>> WordleApp(title='WORDLE')
Key(key='q') >>> WordleApp(title='WORDLE')
Key(key='q') >>> WordleApp(title='WORDLE')
Key(key='ctrl+c') >>> WordleApp(title='WORDLE')
Key(key='ctrl+c') >>> WordleApp(title='WORDLE')
ACTION WordleApp(title='WORDLE') quit
CLOSED WordleApp(title='WORDLE')
PROCESS END
CLOSED Letter(name='R')
CLOSED Letter(name='')
CLOSED Letter(name='I')
CLOSED Letter(name='')
CLOSED Letter(name='')
CLOSED KeyboardRow(name='KeyboardRow#3')
CLOSED Letter(name='S')
CLOSED Letter(name='B')
CLOSED Letter(name='T')
CLOSED Letter(name='K')
CLOSED GameStats(name='GameStats#1')
CLOSED Letter(name='T')
CLOSED Letter(name='')
CLOSED Letter(name='E')
CLOSED DockView(name='DockView#3')
CLOSED Letter(name='')
CLOSED Letter(name='')
CLOSED Letter(name='J')
CLOSED Letter(name='Y')
CLOSED Letter(name='D')
CLOSED Letter(name='N')
CLOSED Letter(name='L')
CLOSED Letter(name='Q')
CLOSED Letter(name='Q')
CLOSED Letter(name='')
CLOSED Letter(name='U')
CLOSED Letter(name='')
CLOSED Letter(name='')
CLOSED Letter(name='U')
CLOSED Button(name='enter')
CLOSED Button(name='backspace')
CLOSED Letter(name='F')
CLOSED Letter(name='M')
CLOSED Letter(name='Z')
CLOSED GuessView(name='GuessView#1')
CLOSED Letter(name='Q')
CLOSED Letter(name='')
CLOSED Letter(name='S')
CLOSED Letter(name='')
CLOSED Letter(name='')
CLOSED DockView(name='DockView#2')
CLOSED Letter(name='I')
CLOSED KeyboardRow(name='KeyboardRow#1')
CLOSED Letter(name='G')
CLOSED Letter(name='X')
CLOSED Letter(name='A')
CLOSED Letter(name='O')
CLOSED Letter(name='')
CLOSED Letter(name='')
CLOSED Letter(name='H')
CLOSED Letter(name='')
CLOSED Letter(name='R')
CLOSED Letter(name='H')
CLOSED Header('WORDLE')
